#
# A fatal error has been detected by the Java Runtime Environment:
#
#  Internal Error (safepoint.cpp:310), pid=9793, tid=11267
#  guarantee(PageArmed == 0) failed: invariant
#
# JRE version: Java(TM) SE Runtime Environment (8.0_45-b14) (build 1.8.0_45-b14)
# Java VM: Java HotSpot(TM) 64-Bit Server VM (25.45-b02 mixed mode bsd-amd64 compressed oops)
# Failed to write core dump. Core dumps have been disabled. To enable core dumping, try "ulimit -c unlimited" before starting Java again
#
# If you would like to submit a bug report, please visit:
#   http://bugreport.java.com/bugreport/crash.jsp
#

---------------  T H R E A D  ---------------

Current thread (0x00007f9c7a821000):  VMThread [stack: 0x0000700000629000,0x0000700000729000] [id=11267]

Stack: [0x0000700000629000,0x0000700000729000],  sp=0x0000700000728910,  free space=1022k
Native frames: (J=compiled Java code, j=interpreted, Vv=VM code, C=native code)
V  [libjvm.dylib+0x58e7ba]  VMError::report_and_die()+0x3f8
V  [libjvm.dylib+0x1e037f]  report_vm_error(char const*, int, char const*, char const*)+0x54
V  [libjvm.dylib+0x4c2e84]  SafepointSynchronize::begin()+0x2be
V  [libjvm.dylib+0x594a27]  VMThread::loop()+0x319
V  [libjvm.dylib+0x594355]  VMThread::run()+0x79
V  [libjvm.dylib+0x46ea7e]  java_start(Thread*)+0xf6
C  [libsystem_pthread.dylib+0x399d]  _pthread_body+0x83
C  [libsystem_pthread.dylib+0x391a]  _pthread_body+0x0
C  [libsystem_pthread.dylib+0x1351]  thread_start+0xd

VM_Operation (0x00007f9c78f145c0): EnableBiasedLocking, mode: async safepoint, requested by thread 0x00007f9c7a800800


---------------  P R O C E S S  ---------------

Java Threads: ( => current thread )
  0x00007f9c7982e000 JavaThread "Thread-0" daemon [_thread_in_Java, id=19715, stack(0x000070000104a000,0x000070000114a000)]
  0x00007f9c7a03b000 JavaThread "Service Thread" daemon [_thread_blocked, id=18691, stack(0x0000700000e44000,0x0000700000f44000)]
  0x00007f9c7a030000 JavaThread "C1 CompilerThread2" daemon [_thread_blocked, id=18179, stack(0x0000700000d41000,0x0000700000e41000)]
  0x00007f9c7a027000 JavaThread "C2 CompilerThread1" daemon [_thread_blocked, id=17667, stack(0x0000700000c3e000,0x0000700000d3e000)]
  0x00007f9c7a025800 JavaThread "C2 CompilerThread0" daemon [_thread_blocked, id=17155, stack(0x0000700000b3b000,0x0000700000c3b000)]
  0x00007f9c7a02f800 JavaThread "Signal Dispatcher" daemon [_thread_blocked, id=13839, stack(0x0000700000a38000,0x0000700000b38000)]
  0x00007f9c7983a800 JavaThread "Finalizer" daemon [_thread_blocked, id=12291, stack(0x000070000082f000,0x000070000092f000)]
  0x00007f9c79807000 JavaThread "Reference Handler" daemon [_thread_blocked, id=11779, stack(0x000070000072c000,0x000070000082c000)]
  0x00007f9c7a801800 JavaThread "main" [_thread_blocked, id=5891, stack(0x000070000011a000,0x000070000021a000)]

Other Threads:
=>0x00007f9c7a821000 VMThread [stack: 0x0000700000629000,0x0000700000729000] [id=11267]
  0x00007f9c7a800800 WatcherThread [stack: 0x0000700000f47000,0x0000700001047000] [id=19203]

VM state:synchronizing (normal execution)

VM Mutex/Monitor currently owned by a thread:  ([mutex/lock_event])
[0x00007f9c78c04980] Safepoint_lock - owner thread: 0x00007f9c7a821000
[0x00007f9c78c04a00] Threads_lock - owner thread: 0x00007f9c7a821000

Heap:
 PSYoungGen      total 76288K, used 3932K [0x000000076ab00000, 0x0000000770000000, 0x00000007c0000000)
  eden space 65536K, 6% used [0x000000076ab00000,0x000000076aed7178,0x000000076eb00000)
  from space 10752K, 0% used [0x000000076f580000,0x000000076f580000,0x0000000770000000)
  to   space 10752K, 0% used [0x000000076eb00000,0x000000076eb00000,0x000000076f580000)
 ParOldGen       total 175104K, used 0K [0x00000006c0000000, 0x00000006cab00000, 0x000000076ab00000)
  object space 175104K, 0% used [0x00000006c0000000,0x00000006c0000000,0x00000006cab00000)
 Metaspace       used 2747K, capacity 4486K, committed 4864K, reserved 1056768K
  class space    used 299K, capacity 386K, committed 512K, reserved 1048576K

Card table byte_map: [0x000000011b129000,0x000000011b92a000] byte_map_base: 0x0000000117b29000

Marking Bits: (ParMarkBitMap*) 0x000000010b6c27a0
 Begin Bits: [0x000000011be80000, 0x000000011fe80000)
 End Bits:   [0x000000011fe80000, 0x0000000123e80000)

Polling page: 0x0000000109ec5000

CodeCache: size=245760Kb used=1133Kb max_used=1144Kb free=244626Kb
 bounds [0x000000010bd69000, 0x000000010bfd9000, 0x000000011ad69000]
 total_blobs=272 nmethods=33 adapters=154
 compilation: enabled

Compilation events (10 events):
Event: 0.110 Thread 0x00007f9c7a030000   29 %     3       expr.safepoint.WhenWillItExitInt$1::run @ 13 (67 bytes)
Event: 0.111 Thread 0x00007f9c7a030000 nmethod 29% 0x000000010be81c50 code [0x000000010be81e20, 0x000000010be824d8]
Event: 0.111 Thread 0x00007f9c7a030000   30       3       expr.safepoint.WhenWillItExitInt$1::run (67 bytes)
Event: 0.111 Thread 0x00007f9c7a030000 nmethod 30 0x000000010be827d0 code [0x000000010be829a0, 0x000000010be83018]
Event: 0.111 Thread 0x00007f9c7a027000   31 %     4       expr.safepoint.WhenWillItExitInt$1::run @ 13 (67 bytes)
Event: 0.114 Thread 0x00007f9c7a027000 nmethod 31% 0x000000010be861d0 code [0x000000010be86320, 0x000000010be865f8]
Event: 1.968 Thread 0x00007f9c7a030000   32 %     3       expr.safepoint.WhenWillItExitInt$1::run @ 13 (67 bytes)
Event: 1.969 Thread 0x00007f9c7a030000 nmethod 32% 0x000000010be85650 code [0x000000010be85820, 0x000000010be85ed8]
Event: 1.969 Thread 0x00007f9c7a025800   33 %     4       expr.safepoint.WhenWillItExitInt$1::run @ 13 (67 bytes)
Event: 1.971 Thread 0x00007f9c7a025800 nmethod 33% 0x000000010be83c90 code [0x000000010be83de0, 0x000000010be840b8]

GC Heap History (0 events):
No events

Deoptimization events (1 events):
Event: 1.968 Thread 0x00007f9c7982e000 Uncommon trap: reason=unstable_if action=reinterpret pc=0x000000010be865d0 method=expr.safepoint.WhenWillItExitInt$1.run()V @ 32

Internal exceptions (2 events):
Event: 0.051 Thread 0x00007f9c7a801800 Exception <a 'java/lang/NoSuchMethodError': Method sun.misc.Unsafe.defineClass(Ljava/lang/String;[BII)Ljava/lang/Class; name or signature does not match> (0x000000076ab12a98) thrown at [/Users/java_re/workspace/8-2-build-macosx-x86_64/jdk8u45/3457/hotspot
Event: 0.051 Thread 0x00007f9c7a801800 Exception <a 'java/lang/NoSuchMethodError': Method sun.misc.Unsafe.prefetchRead(Ljava/lang/Object;J)V name or signature does not match> (0x000000076ab12d28) thrown at [/Users/java_re/workspace/8-2-build-macosx-x86_64/jdk8u45/3457/hotspot/src/share/vm/prim

Events (10 events):
Event: 0.108 loading class expr/safepoint/WhenWillItExitInt$1 done
Event: 0.109 Thread 0x00007f9c7982e000 Thread added: 0x00007f9c7982e000
Event: 0.114 Thread 0x00007f9c7982e000 DEOPT PACKING pc=0x000000010be82305 sp=0x00007000011498a0
Event: 0.114 Thread 0x00007f9c7982e000 DEOPT UNPACKING pc=0x000000010bdb0633 sp=0x00007000011495f0 mode 0
Event: 1.968 Thread 0x00007f9c7982e000 Uncommon trap: trap_request=0xffffff65 fr.pc=0x000000010be865d0
Event: 1.968 Thread 0x00007f9c7982e000 DEOPT PACKING pc=0x000000010be865d0 sp=0x00007000011498e0
Event: 1.968 Thread 0x00007f9c7982e000 DEOPT UNPACKING pc=0x000000010bd6e229 sp=0x0000700001149880 mode 2
Event: 1.971 Thread 0x00007f9c7982e000 DEOPT PACKING pc=0x000000010be85d05 sp=0x00007000011498a0
Event: 1.971 Thread 0x00007f9c7982e000 DEOPT UNPACKING pc=0x000000010bdb0633 sp=0x00007000011495f0 mode 0
Event: 4.125 Executing VM operation: EnableBiasedLocking


Dynamic libraries:
0x0000000003bea000 	/System/Library/Frameworks/Cocoa.framework/Versions/A/Cocoa
0x0000000109aab000 	/System/Library/Frameworks/Security.framework/Versions/A/Security
0x0000000003bea000 	/System/Library/Frameworks/ApplicationServices.framework/Versions/A/ApplicationServices
0x0000000003bea000 	/usr/lib/libz.1.dylib
0x0000000003bea000 	/usr/lib/libSystem.B.dylib
0x0000000003bea000 	/usr/lib/libobjc.A.dylib
0x0000000003bea000 	/System/Library/Frameworks/CoreFoundation.framework/Versions/A/CoreFoundation
0x0000000003bea000 	/System/Library/Frameworks/Foundation.framework/Versions/C/Foundation
0x0000000003bea000 	/System/Library/Frameworks/AppKit.framework/Versions/C/AppKit
0x0000000003bea000 	/System/Library/Frameworks/CoreData.framework/Versions/A/CoreData
0x0000000003bea000 	/System/Library/PrivateFrameworks/RemoteViewServices.framework/Versions/A/RemoteViewServices
0x0000000003bea000 	/System/Library/PrivateFrameworks/UIFoundation.framework/Versions/A/UIFoundation
0x0000000003bea000 	/usr/lib/libScreenReader.dylib
0x0000000003bea000 	/System/Library/Frameworks/Accelerate.framework/Versions/A/Accelerate
0x0000000003bea000 	/System/Library/Frameworks/IOSurface.framework/Versions/A/IOSurface
0x0000000003bea000 	/System/Library/Frameworks/AudioToolbox.framework/Versions/A/AudioToolbox
0x0000000003bea000 	/System/Library/Frameworks/AudioUnit.framework/Versions/A/AudioUnit
0x0000000003bea000 	/System/Library/PrivateFrameworks/DataDetectorsCore.framework/Versions/A/DataDetectorsCore
0x0000000003bea000 	/System/Library/PrivateFrameworks/DesktopServicesPriv.framework/Versions/A/DesktopServicesPriv
0x0000000003bea000 	/System/Library/Frameworks/Carbon.framework/Versions/A/Frameworks/HIToolbox.framework/Versions/A/HIToolbox
0x0000000003bea000 	/System/Library/Frameworks/QuartzCore.framework/Versions/A/QuartzCore
0x0000000003bea000 	/System/Library/Frameworks/Carbon.framework/Versions/A/Frameworks/SpeechRecognition.framework/Versions/A/SpeechRecognition
0x0000000003bea000 	/usr/lib/libauto.dylib
0x0000000003bea000 	/usr/lib/libicucore.A.dylib
0x0000000003bea000 	/usr/lib/libxml2.2.dylib
0x0000000003bea000 	/System/Library/PrivateFrameworks/CoreUI.framework/Versions/A/CoreUI
0x0000000003bea000 	/System/Library/Frameworks/CoreAudio.framework/Versions/A/CoreAudio
0x0000000003bea000 	/System/Library/Frameworks/DiskArbitration.framework/Versions/A/DiskArbitration
0x0000000003bea000 	/usr/lib/liblangid.dylib
0x0000000003bea000 	/System/Library/PrivateFrameworks/MultitouchSupport.framework/Versions/A/MultitouchSupport
0x0000000003bea000 	/System/Library/Frameworks/IOKit.framework/Versions/A/IOKit
0x0000000003bea000 	/usr/lib/libDiagnosticMessagesClient.dylib
0x0000000003bea000 	/System/Library/Frameworks/CoreServices.framework/Versions/A/CoreServices
0x0000000003bea000 	/System/Library/PrivateFrameworks/PerformanceAnalysis.framework/Versions/A/PerformanceAnalysis
0x0000000003bea000 	/System/Library/PrivateFrameworks/GenerationalStorage.framework/Versions/A/GenerationalStorage
0x0000000003bea000 	/System/Library/Frameworks/OpenGL.framework/Versions/A/OpenGL
0x0000000003bea000 	/System/Library/PrivateFrameworks/Sharing.framework/Versions/A/Sharing
0x0000000003bea000 	/System/Library/Frameworks/CoreGraphics.framework/Versions/A/CoreGraphics
0x0000000003bea000 	/System/Library/Frameworks/CoreImage.framework/Versions/A/CoreImage
0x0000000003bea000 	/System/Library/Frameworks/CoreText.framework/Versions/A/CoreText
0x0000000003bea000 	/System/Library/Frameworks/ImageIO.framework/Versions/A/ImageIO
0x0000000003bea000 	/System/Library/PrivateFrameworks/Backup.framework/Versions/A/Backup
0x0000000003bea000 	/usr/lib/libextension.dylib
0x0000000003bea000 	/usr/lib/libarchive.2.dylib
0x0000000109ec7000 	/System/Library/Frameworks/CFNetwork.framework/Versions/A/CFNetwork
0x0000000003bea000 	/System/Library/Frameworks/SystemConfiguration.framework/Versions/A/SystemConfiguration
0x0000000003bea000 	/usr/lib/libCRFSuite.dylib
0x0000000003bea000 	/usr/lib/libc++.1.dylib
0x0000000003bea000 	/usr/lib/libc++abi.dylib
0x0000000003bea000 	/usr/lib/system/libcache.dylib
0x0000000003bea000 	/usr/lib/system/libcommonCrypto.dylib
0x0000000003bea000 	/usr/lib/system/libcompiler_rt.dylib
0x0000000003bea000 	/usr/lib/system/libcopyfile.dylib
0x0000000003bea000 	/usr/lib/system/libcorecrypto.dylib
0x0000000003bea000 	/usr/lib/system/libdispatch.dylib
0x0000000003bea000 	/usr/lib/system/libdyld.dylib
0x0000000003bea000 	/usr/lib/system/libkeymgr.dylib
0x0000000003bea000 	/usr/lib/system/liblaunch.dylib
0x0000000003bea000 	/usr/lib/system/libmacho.dylib
0x0000000003bea000 	/usr/lib/system/libquarantine.dylib
0x0000000003bea000 	/usr/lib/system/libremovefile.dylib
0x0000000003bea000 	/usr/lib/system/libsystem_asl.dylib
0x0000000003bea000 	/usr/lib/system/libsystem_blocks.dylib
0x0000000003bea000 	/usr/lib/system/libsystem_c.dylib
0x0000000003bea000 	/usr/lib/system/libsystem_configuration.dylib
0x0000000003bea000 	/usr/lib/system/libsystem_coreservices.dylib
0x0000000003bea000 	/usr/lib/system/libsystem_coretls.dylib
0x0000000003bea000 	/usr/lib/system/libsystem_dnssd.dylib
0x0000000003bea000 	/usr/lib/system/libsystem_info.dylib
0x0000000003bea000 	/usr/lib/system/libsystem_kernel.dylib
0x0000000003bea000 	/usr/lib/system/libsystem_m.dylib
0x0000000003bea000 	/usr/lib/system/libsystem_malloc.dylib
0x0000000003bea000 	/usr/lib/system/libsystem_network.dylib
0x0000000003bea000 	/usr/lib/system/libsystem_networkextension.dylib
0x0000000003bea000 	/usr/lib/system/libsystem_notify.dylib
0x0000000003bea000 	/usr/lib/system/libsystem_platform.dylib
0x0000000003bea000 	/usr/lib/system/libsystem_pthread.dylib
0x0000000003bea000 	/usr/lib/system/libsystem_sandbox.dylib
0x0000000003bea000 	/usr/lib/system/libsystem_secinit.dylib
0x0000000003bea000 	/usr/lib/system/libsystem_trace.dylib
0x0000000003bea000 	/usr/lib/system/libunc.dylib
0x0000000003bea000 	/usr/lib/system/libunwind.dylib
0x0000000003bea000 	/usr/lib/system/libxpc.dylib
0x0000000003bea000 	/usr/lib/libenergytrace.dylib
0x0000000003bea000 	/usr/lib/libbsm.0.dylib
0x0000000003bea000 	/usr/lib/system/libkxld.dylib
0x0000000003bea000 	/usr/lib/libxar.1.dylib
0x0000000003bea000 	/usr/lib/libsqlite3.dylib
0x0000000003bea000 	/usr/lib/libpam.2.dylib
0x0000000003bea000 	/usr/lib/libOpenScriptingUtil.dylib
0x0000000003bea000 	/usr/lib/libbz2.1.0.dylib
0x0000000003bea000 	/usr/lib/liblzma.5.dylib
0x0000000003bea000 	/System/Library/Frameworks/CoreServices.framework/Versions/A/Frameworks/FSEvents.framework/Versions/A/FSEvents
0x0000000003bea000 	/System/Library/Frameworks/CoreServices.framework/Versions/A/Frameworks/CarbonCore.framework/Versions/A/CarbonCore
0x0000000003bea000 	/System/Library/Frameworks/CoreServices.framework/Versions/A/Frameworks/Metadata.framework/Versions/A/Metadata
0x0000000003bea000 	/System/Library/Frameworks/CoreServices.framework/Versions/A/Frameworks/OSServices.framework/Versions/A/OSServices
0x0000000003bea000 	/System/Library/Frameworks/CoreServices.framework/Versions/A/Frameworks/SearchKit.framework/Versions/A/SearchKit
0x0000000003bea000 	/System/Library/Frameworks/CoreServices.framework/Versions/A/Frameworks/AE.framework/Versions/A/AE
0x0000000003bea000 	/System/Library/Frameworks/CoreServices.framework/Versions/A/Frameworks/LaunchServices.framework/Versions/A/LaunchServices
0x0000000003bea000 	/System/Library/Frameworks/CoreServices.framework/Versions/A/Frameworks/DictionaryServices.framework/Versions/A/DictionaryServices
0x0000000003bea000 	/System/Library/Frameworks/CoreServices.framework/Versions/A/Frameworks/SharedFileList.framework/Versions/A/SharedFileList
0x0000000003bea000 	/System/Library/Frameworks/NetFS.framework/Versions/A/NetFS
0x0000000003bea000 	/System/Library/PrivateFrameworks/NetAuth.framework/Versions/A/NetAuth
0x0000000003bea000 	/System/Library/PrivateFrameworks/login.framework/Versions/A/Frameworks/loginsupport.framework/Versions/A/loginsupport
0x0000000003bea000 	/System/Library/PrivateFrameworks/TCC.framework/Versions/A/TCC
0x0000000003bea000 	/usr/lib/libmecabra.dylib
0x0000000003bea000 	/System/Library/Frameworks/ApplicationServices.framework/Versions/A/Frameworks/ATS.framework/Versions/A/ATS
0x0000000003bea000 	/System/Library/Frameworks/ApplicationServices.framework/Versions/A/Frameworks/ColorSync.framework/Versions/A/ColorSync
0x0000000003bea000 	/System/Library/Frameworks/ApplicationServices.framework/Versions/A/Frameworks/HIServices.framework/Versions/A/HIServices
0x0000000003bea000 	/System/Library/Frameworks/ApplicationServices.framework/Versions/A/Frameworks/LangAnalysis.framework/Versions/A/LangAnalysis
0x0000000003bea000 	/System/Library/Frameworks/ApplicationServices.framework/Versions/A/Frameworks/PrintCore.framework/Versions/A/PrintCore
0x0000000003bea000 	/System/Library/Frameworks/ApplicationServices.framework/Versions/A/Frameworks/QD.framework/Versions/A/QD
0x0000000003bea000 	/System/Library/Frameworks/ApplicationServices.framework/Versions/A/Frameworks/SpeechSynthesis.framework/Versions/A/SpeechSynthesis
0x0000000003bea000 	/System/Library/Frameworks/Metal.framework/Versions/A/Metal
0x0000000003bea000 	/System/Library/Frameworks/Accelerate.framework/Versions/A/Frameworks/vImage.framework/Versions/A/vImage
0x0000000003bea000 	/System/Library/Frameworks/Accelerate.framework/Versions/A/Frameworks/vecLib.framework/Versions/A/vecLib
0x0000000003bea000 	/System/Library/Frameworks/Accelerate.framework/Versions/A/Frameworks/vecLib.framework/Versions/A/libvDSP.dylib
0x0000000003bea000 	/System/Library/Frameworks/Accelerate.framework/Versions/A/Frameworks/vecLib.framework/Versions/A/libvMisc.dylib
0x0000000003bea000 	/System/Library/Frameworks/Accelerate.framework/Versions/A/Frameworks/vecLib.framework/Versions/A/libLAPACK.dylib
0x0000000003bea000 	/System/Library/Frameworks/Accelerate.framework/Versions/A/Frameworks/vecLib.framework/Versions/A/libBLAS.dylib
0x0000000003bea000 	/System/Library/Frameworks/Accelerate.framework/Versions/A/Frameworks/vecLib.framework/Versions/A/libLinearAlgebra.dylib
0x0000000003bea000 	/System/Library/Frameworks/Accelerate.framework/Versions/A/Frameworks/vecLib.framework/Versions/A/libSparseBLAS.dylib
0x0000000003bea000 	/System/Library/PrivateFrameworks/GPUCompiler.framework/libmetal_timestamp.dylib
0x0000000003bea000 	/System/Library/Frameworks/OpenGL.framework/Versions/A/Libraries/libCoreFSCache.dylib
0x0000000003bea000 	/System/Library/PrivateFrameworks/IOAccelerator.framework/Versions/A/IOAccelerator
0x0000000003bea000 	/System/Library/Frameworks/ApplicationServices.framework/Versions/A/Frameworks/ATS.framework/Versions/A/Resources/libFontParser.dylib
0x0000000003bea000 	/System/Library/Frameworks/ApplicationServices.framework/Versions/A/Frameworks/ATS.framework/Versions/A/Resources/libFontRegistry.dylib
0x0000000003bea000 	/System/Library/PrivateFrameworks/AppleVPA.framework/Versions/A/AppleVPA
0x0000000003bea000 	/System/Library/PrivateFrameworks/AppleJPEG.framework/Versions/A/AppleJPEG
0x0000000003bea000 	/System/Library/Frameworks/ImageIO.framework/Versions/A/Resources/libJPEG.dylib
0x0000000003bea000 	/System/Library/Frameworks/ImageIO.framework/Versions/A/Resources/libTIFF.dylib
0x0000000003bea000 	/System/Library/Frameworks/ImageIO.framework/Versions/A/Resources/libPng.dylib
0x0000000003bea000 	/System/Library/Frameworks/ImageIO.framework/Versions/A/Resources/libGIF.dylib
0x0000000003bea000 	/System/Library/Frameworks/ImageIO.framework/Versions/A/Resources/libJP2.dylib
0x0000000003bea000 	/System/Library/Frameworks/ImageIO.framework/Versions/A/Resources/libRadiance.dylib
0x0000000003bea000 	/System/Library/Frameworks/CoreVideo.framework/Versions/A/CoreVideo
0x0000000003bea000 	/System/Library/Frameworks/OpenGL.framework/Versions/A/Libraries/libGLU.dylib
0x0000000003bea000 	/System/Library/Frameworks/OpenGL.framework/Versions/A/Libraries/libGFXShared.dylib
0x0000000003bea000 	/System/Library/Frameworks/OpenGL.framework/Versions/A/Libraries/libGL.dylib
0x0000000003bea000 	/System/Library/Frameworks/OpenGL.framework/Versions/A/Libraries/libGLImage.dylib
0x0000000003bea000 	/System/Library/Frameworks/OpenGL.framework/Versions/A/Libraries/libCVMSPluginSupport.dylib
0x0000000003bea000 	/System/Library/Frameworks/OpenGL.framework/Versions/A/Libraries/libCoreVMClient.dylib
0x0000000003bea000 	/usr/lib/libcompression.dylib
0x0000000003bea000 	/usr/lib/libcups.2.dylib
0x0000000003bea000 	/System/Library/Frameworks/Kerberos.framework/Versions/A/Kerberos
0x0000000003bea000 	/System/Library/Frameworks/GSS.framework/Versions/A/GSS
0x0000000003bea000 	/usr/lib/libresolv.9.dylib
0x0000000003bea000 	/usr/lib/libiconv.2.dylib
0x0000000003bea000 	/System/Library/PrivateFrameworks/Heimdal.framework/Versions/A/Heimdal
0x0000000003bea000 	/usr/lib/libheimdal-asn1.dylib
0x0000000003bea000 	/System/Library/Frameworks/OpenDirectory.framework/Versions/A/OpenDirectory
0x0000000003bea000 	/System/Library/PrivateFrameworks/CommonAuth.framework/Versions/A/CommonAuth
0x0000000003bea000 	/System/Library/Frameworks/OpenDirectory.framework/Versions/A/Frameworks/CFOpenDirectory.framework/Versions/A/CFOpenDirectory
0x0000000003bea000 	/System/Library/Frameworks/SecurityFoundation.framework/Versions/A/SecurityFoundation
0x0000000003bea000 	/System/Library/PrivateFrameworks/LanguageModeling.framework/Versions/A/LanguageModeling
0x0000000003bea000 	/usr/lib/libmarisa.dylib
0x0000000003bea000 	/usr/lib/libChineseTokenizer.dylib
0x0000000003bea000 	/usr/lib/libcmph.dylib
0x0000000003bea000 	/System/Library/Frameworks/ServiceManagement.framework/Versions/A/ServiceManagement
0x0000000003bea000 	/usr/lib/libxslt.1.dylib
0x0000000003bea000 	/System/Library/Frameworks/Carbon.framework/Versions/A/Frameworks/Ink.framework/Versions/A/Ink
0x0000000003bea000 	/usr/lib/libFosl_dynamic.dylib
0x0000000003bea000 	/System/Library/PrivateFrameworks/FaceCore.framework/Versions/A/FaceCore
0x0000000003bea000 	/System/Library/Frameworks/OpenCL.framework/Versions/A/OpenCL
0x0000000003bea000 	/System/Library/PrivateFrameworks/CrashReporterSupport.framework/Versions/A/CrashReporterSupport
0x0000000003bea000 	/System/Library/PrivateFrameworks/IconServices.framework/Versions/A/IconServices
0x0000000003bea000 	/System/Library/PrivateFrameworks/Apple80211.framework/Versions/A/Apple80211
0x0000000003bea000 	/System/Library/Frameworks/CoreWLAN.framework/Versions/A/CoreWLAN
0x0000000003bea000 	/System/Library/Frameworks/IOBluetooth.framework/Versions/A/IOBluetooth
0x0000000003bea000 	/System/Library/PrivateFrameworks/CoreWiFi.framework/Versions/A/CoreWiFi
0x0000000003bea000 	/System/Library/Frameworks/CoreBluetooth.framework/Versions/A/CoreBluetooth
0x0000000003bea000 	/System/Library/PrivateFrameworks/ChunkingLibrary.framework/Versions/A/ChunkingLibrary
0x0000000003bea000 	/System/Library/PrivateFrameworks/DebugSymbols.framework/Versions/A/DebugSymbols
0x0000000003bea000 	/System/Library/PrivateFrameworks/CoreSymbolication.framework/Versions/A/CoreSymbolication
0x0000000003bea000 	/System/Library/PrivateFrameworks/Symbolication.framework/Versions/A/Symbolication
0x0000000003bea000 	/System/Library/PrivateFrameworks/SpeechRecognitionCore.framework/Versions/A/SpeechRecognitionCore
0x000000010ae00000 	/Library/Java/JavaVirtualMachines/jdk1.8.0_45.jdk/Contents/Home/jre/lib/server/libjvm.dylib
0x0000000003bea000 	/usr/lib/libstdc++.6.dylib
0x000000010a599000 	/Library/Java/JavaVirtualMachines/jdk1.8.0_45.jdk/Contents/Home/jre/lib/libverify.dylib
0x000000010a5a7000 	/Library/Java/JavaVirtualMachines/jdk1.8.0_45.jdk/Contents/Home/jre/lib/libjava.dylib
0x000000010a5e4000 	/Library/Java/JavaVirtualMachines/jdk1.8.0_45.jdk/Contents/Home/jre/lib/libzip.dylib
0x000000012619e000 	/System/Library/Frameworks/JavaVM.framework/Frameworks/JavaRuntimeSupport.framework/JavaRuntimeSupport
0x00000001261b9000 	/System/Library/Frameworks/JavaVM.framework/Versions/A/Frameworks/JavaNativeFoundation.framework/Versions/A/JavaNativeFoundation
0x000000010a5ee000 	/System/Library/Frameworks/JavaVM.framework/Versions/A/JavaVM
0x0000000003bea000 	/System/Library/Frameworks/Carbon.framework/Versions/A/Carbon
0x00000001261ce000 	/System/Library/PrivateFrameworks/JavaLaunching.framework/Versions/A/JavaLaunching
0x0000000003bea000 	/System/Library/Frameworks/Carbon.framework/Versions/A/Frameworks/CommonPanels.framework/Versions/A/CommonPanels
0x0000000003bea000 	/System/Library/Frameworks/Carbon.framework/Versions/A/Frameworks/Help.framework/Versions/A/Help
0x0000000003bea000 	/System/Library/Frameworks/Carbon.framework/Versions/A/Frameworks/ImageCapture.framework/Versions/A/ImageCapture
0x0000000003bea000 	/System/Library/Frameworks/Carbon.framework/Versions/A/Frameworks/OpenScripting.framework/Versions/A/OpenScripting
0x0000000003bea000 	/System/Library/Frameworks/Carbon.framework/Versions/A/Frameworks/Print.framework/Versions/A/Print
0x0000000003bea000 	/System/Library/Frameworks/Carbon.framework/Versions/A/Frameworks/SecurityHI.framework/Versions/A/SecurityHI

VM Arguments:
jvm_args: -Dfile.encoding=UTF-8 
java_command: expr.safepoint.WhenWillItExitInt
java_class_path (initial): /Users/Miller/GitHub/QS/QS_MVN/target/classes:/Users/Miller/.m2/repository/junit/junit/3.8.1/junit-3.8.1.jar:/Users/Miller/.m2/repository/org/fusesource/leveldbjni/leveldbjni-all/1.8/leveldbjni-all-1.8.jar:/Users/Miller/.m2/repository/org/xerial/snappy/snappy-java/1.1.2.1/snappy-java-1.1.2.1.jar
Launcher Type: SUN_STANDARD

Environment Variables:
PATH=/usr/bin:/bin:/usr/sbin:/sbin
SHELL=/bin/bash

Signal Handlers:
SIGSEGV: [libjvm.dylib+0x58ef95], sa_mask[0]=11111111011111110111111111111111, sa_flags=SA_ONSTACK|SA_RESTART|SA_SIGINFO
SIGBUS: [libjvm.dylib+0x58ef95], sa_mask[0]=11111111011111110111111111111111, sa_flags=SA_RESTART|SA_SIGINFO
SIGFPE: [libjvm.dylib+0x46c108], sa_mask[0]=11111111011111110111111111111111, sa_flags=SA_RESTART|SA_SIGINFO
SIGPIPE: [libjvm.dylib+0x46c108], sa_mask[0]=11111111011111110111111111111111, sa_flags=SA_RESTART|SA_SIGINFO
SIGXFSZ: [libjvm.dylib+0x46c108], sa_mask[0]=11111111011111110111111111111111, sa_flags=SA_RESTART|SA_SIGINFO
SIGILL: [libjvm.dylib+0x46c108], sa_mask[0]=11111111011111110111111111111111, sa_flags=SA_RESTART|SA_SIGINFO
SIGUSR1: SIG_DFL, sa_mask[0]=00000000000000000000000000000000, sa_flags=none
SIGUSR2: [libjvm.dylib+0x46bc26], sa_mask[0]=00100000000000000000000000000000, sa_flags=SA_RESTART|SA_SIGINFO
SIGHUP: [libjvm.dylib+0x46a1f9], sa_mask[0]=11111111011111110111111111111111, sa_flags=SA_RESTART|SA_SIGINFO
SIGINT: [libjvm.dylib+0x46a1f9], sa_mask[0]=11111111011111110111111111111111, sa_flags=SA_RESTART|SA_SIGINFO
SIGTERM: [libjvm.dylib+0x46a1f9], sa_mask[0]=11111111011111110111111111111111, sa_flags=SA_RESTART|SA_SIGINFO
SIGQUIT: [libjvm.dylib+0x46a1f9], sa_mask[0]=11111111011111110111111111111111, sa_flags=SA_RESTART|SA_SIGINFO


---------------  S Y S T E M  ---------------

OS:Bsduname:Darwin 15.6.0 Darwin Kernel Version 15.6.0: Mon Aug 29 20:21:34 PDT 2016; root:xnu-3248.60.11~1/RELEASE_X86_64 x86_64
rlimit: STACK 8192k, CORE 0k, NPROC 709, NOFILE 10240, AS infinity
load average:3.90 3.88 3.57

CPU:total 4 (2 cores per cpu, 2 threads per core) family 6 model 61 stepping 4, cmov, cx8, fxsr, mmx, sse, sse2, sse3, ssse3, sse4.1, sse4.2, popcnt, avx, avx2, aes, clmul, erms, 3dnowpref, lzcnt, ht, tsc, tscinvbit, bmi1, bmi2, adx

Memory: 4k page, physical 16777216k(125124k free)

/proc/meminfo:


vm_info: Java HotSpot(TM) 64-Bit Server VM (25.45-b02) for bsd-amd64 JRE (1.8.0_45-b14), built on Apr 10 2015 10:46:38 by "java_re" with gcc 4.2.1 (Based on Apple Inc. build 5658) (LLVM build 2336.11.00)

time: Wed Sep 28 22:58:01 2016
elapsed time: 496 seconds (0d 0h 8m 16s)

